"../../../Engine/Content/EditorBlueprintResources/StandardMacros.uasset" 0
"../../../../Spilldesign/Projects/Coffee_Chaos/Content/CustomAssets/PLayer/BP_CameraClampACtor.uasset" 1
"../../../../Spilldesign/Projects/Coffee_Chaos/Content/CustomAssets/AI/BB_EnemyAI.uasset" 2
"../../../../Spilldesign/Projects/Coffee_Chaos/Content/CustomAssets/AI/BP_Spawner.uasset" 3
"../../../../Spilldesign/Projects/Coffee_Chaos/Content/CustomAssets/AI/BTT_EnemyAIMoveTo.uasset" 4
"../../../../Spilldesign/Projects/Coffee_Chaos/Content/CustomAssets/AI/BT_EnemyAI.uasset" 5
"../../../../Spilldesign/Projects/Coffee_Chaos/Content/CustomAssets/AI/BP_AIController.uasset" 6
"../../../../Spilldesign/Projects/Coffee_Chaos/Content/CustomAssets/Source/Enemies/surfaceShader5.uasset" 7
"../../../../Spilldesign/Projects/Coffee_Chaos/Content/CustomAssets/Source/Enemies/surfaceShader6.uasset" 8
"../../../../Spilldesign/Projects/Coffee_Chaos/Content/CustomAssets/Source/Enemies/surfaceShader7.uasset" 9
"../../../../Spilldesign/Projects/Coffee_Chaos/Content/CustomAssets/Source/Enemies/surfaceShader8.uasset" 10
"../../../../Spilldesign/Projects/Coffee_Chaos/Content/CustomAssets/Source/Enemies/surfaceShader9.uasset" 11
"../../../../Spilldesign/Projects/Coffee_Chaos/Content/CustomAssets/Source/Enemies/typeBlinn.uasset" 12
"../../../../Spilldesign/Projects/Coffee_Chaos/Content/CustomAssets/Source/Enemies/coke.uasset" 13
"../../../../Spilldesign/Projects/Coffee_Chaos/Content/CustomAssets/AI/BP_EnemyAI.uasset" 14
"../../../../Spilldesign/Projects/Coffee_Chaos/Content/StarterContent/Materials/M_Basic_Wall.uasset" 15
"../../../../Spilldesign/Projects/Coffee_Chaos/Content/StarterContent/Shapes/Shape_Sphere.uasset" 16
"../../../../Spilldesign/Projects/Coffee_Chaos/Content/CustomAssets/Tower/BP_TowerProjectile.uasset" 17
"../../../../Spilldesign/Projects/Coffee_Chaos/Content/CustomAssets/Tower/S_TowerStructure.uasset" 18
"../../../../Spilldesign/Projects/Coffee_Chaos/Content/CustomAssets/Source/lambert1.uasset" 19
"../../../../Spilldesign/Projects/Coffee_Chaos/Content/CustomAssets/Source/M_AntennaStick.uasset" 20
"../../../../Spilldesign/Projects/Coffee_Chaos/Content/CustomAssets/Source/M_Barrel.uasset" 21
"../../../../Spilldesign/Projects/Coffee_Chaos/Content/CustomAssets/Source/M_Body.uasset" 22
"../../../../Spilldesign/Projects/Coffee_Chaos/Content/CustomAssets/Source/M_MuzzleBreak.uasset" 23
"../../../../Spilldesign/Projects/Coffee_Chaos/Content/CustomAssets/Source/M_Turret.uasset" 24
"../../../../Spilldesign/Projects/Coffee_Chaos/Content/CustomAssets/Source/rampShader12.uasset" 25
"../../../../Spilldesign/Projects/Coffee_Chaos/Content/CustomAssets/Source/SM_Coffee_cannon.uasset" 26
"../../../../Spilldesign/Projects/Coffee_Chaos/Content/CustomAssets/Tower/BP_Tower.uasset" 27
"../../../../Spilldesign/Projects/Coffee_Chaos/Content/CustomAssets/Tower/Materials/M_GreenTranslusent.uasset" 28
"../../../../Spilldesign/Projects/Coffee_Chaos/Content/CustomAssets/Tower/BP_BuilderTower.uasset" 29
"../../../../Spilldesign/Projects/Coffee_Chaos/Content/CustomAssets/Source/SM_Coffee_machinegun.uasset" 30
"../../../../Spilldesign/Projects/Coffee_Chaos/Content/CustomAssets/Tower/DT_Tower.uasset" 31
"../../../../Spilldesign/Projects/Coffee_Chaos/Content/CustomAssets/UI/WB_TowerSelection.uasset" 32
"../../../../Spilldesign/Projects/Coffee_Chaos/Content/CustomAssets/PLayer/BP_PLayerCamera.uasset" 33
"../../../../Spilldesign/Projects/Coffee_Chaos/Content/CustomAssets/PLayer/BP_PlayerController.uasset" 34
"../../../../Spilldesign/Projects/Coffee_Chaos/Content/CustomAssets/Blueprints/BP_Gamemode.uasset" 35
"../../../../Spilldesign/Projects/Coffee_Chaos/Content/CustomAssets/Source/blinn1.uasset" 36
"../../../../Spilldesign/Projects/Coffee_Chaos/Content/CustomAssets/Source/SM_Enemy_Boris.uasset" 37
"../../../../Spilldesign/Projects/Coffee_Chaos/Content/CustomAssets/Source/SM_Queen_boss.uasset" 38
"../../../../Spilldesign/Projects/Coffee_Chaos/Content/CustomAssets/Source/M_CoffeDirt1.uasset" 39
"../../../../Spilldesign/Projects/Coffee_Chaos/Content/CustomAssets/Source/M_CoffePlant.uasset" 40
"../../../../Spilldesign/Projects/Coffee_Chaos/Content/CustomAssets/Source/rampShader5.uasset" 41
"../../../../Spilldesign/Projects/Coffee_Chaos/Content/CustomAssets/Source/WTFIsThisShit/M_YallaEnemyEye1.uasset" 42
"../../../../Spilldesign/Projects/Coffee_Chaos/Content/CustomAssets/Source/WTFIsThisShit/M_YallaenemyHorn1.uasset" 43
"../../../../Spilldesign/Projects/Coffee_Chaos/Content/CustomAssets/Source/WTFIsThisShit/yallaenemy.uasset" 44
"../../../../Spilldesign/Projects/Coffee_Chaos/Content/CustomAssets/Tower/Materials/M_RedTranslusent.uasset" 45
"../../../../Spilldesign/Projects/Coffee_Chaos/Content/StarterContent/Architecture/Pillar_50x500.uasset" 46
"../../../../Spilldesign/Projects/Coffee_Chaos/Content/StarterContent/Architecture/Wall_400x300.uasset" 47
"../../../../Spilldesign/Projects/Coffee_Chaos/Content/StarterContent/Architecture/Wall_400x400.uasset" 48
"../../../../Spilldesign/Projects/Coffee_Chaos/Content/StarterContent/Architecture/Wall_500x500.uasset" 49
"../../../../Spilldesign/Projects/Coffee_Chaos/Content/StarterContent/Architecture/Wall_Door_400x400.uasset" 50
"../../../../Spilldesign/Projects/Coffee_Chaos/Content/StarterContent/Architecture/Wall_Window_400x400.uasset" 51
"../../../../Spilldesign/Projects/Coffee_Chaos/Content/StarterContent/Audio/Collapse01.uasset" 52
"../../../../Spilldesign/Projects/Coffee_Chaos/Content/StarterContent/Audio/Collapse02.uasset" 53
"../../../../Spilldesign/Projects/Coffee_Chaos/Content/StarterContent/Audio/Explosion01.uasset" 54
"../../../../Spilldesign/Projects/Coffee_Chaos/Content/StarterContent/Audio/Explosion02.uasset" 55
"../../../../Spilldesign/Projects/Coffee_Chaos/Content/StarterContent/Audio/Fire01.uasset" 56
"../../../../Spilldesign/Projects/Coffee_Chaos/Content/StarterContent/Audio/Fire_Sparks01.uasset" 57
"../../../../Spilldesign/Projects/Coffee_Chaos/Content/StarterContent/Audio/Light01.uasset" 58
"../../../../Spilldesign/Projects/Coffee_Chaos/Content/StarterContent/Audio/Light01_Cue.uasset" 59
"../../../../Spilldesign/Projects/Coffee_Chaos/Content/StarterContent/Audio/Light02.uasset" 60
"../../../../Spilldesign/Projects/Coffee_Chaos/Content/StarterContent/Audio/Light02_Cue.uasset" 61
"../../../../Spilldesign/Projects/Coffee_Chaos/Content/StarterContent/Audio/Smoke01.uasset" 62
"../../../../Spilldesign/Projects/Coffee_Chaos/Content/StarterContent/Audio/Starter_Birds01.uasset" 63
"../../../../Spilldesign/Projects/Coffee_Chaos/Content/StarterContent/Audio/Starter_Music01.uasset" 64
"../../../../Spilldesign/Projects/Coffee_Chaos/Content/StarterContent/Audio/Starter_Wind05.uasset" 65
"../../../../Spilldesign/Projects/Coffee_Chaos/Content/StarterContent/Audio/Starter_Wind06.uasset" 66
"../../../../Spilldesign/Projects/Coffee_Chaos/Content/StarterContent/Audio/Steam01.uasset" 67
"../../../../Spilldesign/Projects/Coffee_Chaos/Content/StarterContent/Audio/Explosion_Cue.uasset" 68
"../../../../Spilldesign/Projects/Coffee_Chaos/Content/StarterContent/Textures/T_Burst_M.uasset" 69
"../../../../Spilldesign/Projects/Coffee_Chaos/Content/StarterContent/Particles/Materials/M_Burst.uasset" 70
"../../../../Spilldesign/Projects/Coffee_Chaos/Content/StarterContent/Textures/T_Explosion_SubUV.uasset" 71
"../../../../Spilldesign/Projects/Coffee_Chaos/Content/StarterContent/Particles/Materials/M_explosion_subUV.uasset" 72
"../../../../Spilldesign/Projects/Coffee_Chaos/Content/StarterContent/Particles/Materials/m_flare_01.uasset" 73
"../../../Engine/Content/Functions/Engine_MaterialFunctions01/Gradient/RadialGradient.uasset" 74
"../../../../Spilldesign/Projects/Coffee_Chaos/Content/StarterContent/Particles/Materials/M_radial_ramp.uasset" 75
"../../../../Spilldesign/Projects/Coffee_Chaos/Content/StarterContent/Textures/T_Smoke_SubUV.uasset" 76
"../../../../Spilldesign/Projects/Coffee_Chaos/Content/StarterContent/Textures/T_Smoke_Tiled_D.uasset" 77
"../../../../Spilldesign/Projects/Coffee_Chaos/Content/StarterContent/Particles/Materials/M_smoke_subUV.uasset" 78
"../../../../Spilldesign/Projects/Coffee_Chaos/Content/StarterContent/Particles/P_Explosion.uasset" 79
"../../../../Spilldesign/Projects/Coffee_Chaos/Content/StarterContent/Blueprints/Blueprint_Effect_Explosion.uasset" 80
"../../../Engine/Content/EditorMeshes/ColorCalibrator/T_ColorGrid.uasset" 81
"../../../../Spilldesign/Projects/Coffee_Chaos/Content/StarterContent/Materials/M_ColorGrid_LowSpec.uasset" 82
"../../../../Spilldesign/Projects/Coffee_Chaos/Content/StarterContent/Textures/T_Bush_D.uasset" 83
"../../../../Spilldesign/Projects/Coffee_Chaos/Content/StarterContent/Textures/T_Bush_N.uasset" 84
"../../../../Spilldesign/Projects/Coffee_Chaos/Content/StarterContent/Props/Materials/M_Bush.uasset" 85
"../../../../Spilldesign/Projects/Coffee_Chaos/Content/StarterContent/Props/SM_Bush.uasset" 86
"../../../../Spilldesign/Projects/Coffee_Chaos/Content/StarterContent/Textures/T_Chair_M.uasset" 87
"../../../../Spilldesign/Projects/Coffee_Chaos/Content/StarterContent/Textures/T_Chair_N.uasset" 88
"../../../../Spilldesign/Projects/Coffee_Chaos/Content/StarterContent/Props/Materials/M_Chair.uasset" 89
"../../../../Spilldesign/Projects/Coffee_Chaos/Content/StarterContent/Props/SM_Couch.uasset" 90
"../../../../Spilldesign/Projects/Coffee_Chaos/Content/StarterContent/Materials/M_Glass.uasset" 91
"../../../../Spilldesign/Projects/Coffee_Chaos/Content/StarterContent/Textures/T_Door_M.uasset" 92
"../../../../Spilldesign/Projects/Coffee_Chaos/Content/StarterContent/Textures/T_Door_N.uasset" 93
"../../../../Spilldesign/Projects/Coffee_Chaos/Content/StarterContent/Props/Materials/M_Door.uasset" 94
"../../../../Spilldesign/Projects/Coffee_Chaos/Content/StarterContent/Props/SM_Door.uasset" 95
"../../../../Spilldesign/Projects/Coffee_Chaos/Content/StarterContent/Props/Materials/M_MaterialSphere.uasset" 96
"../../../../Spilldesign/Projects/Coffee_Chaos/Content/StarterContent/Props/Materials/M_MaterialSphere_Plain.uasset" 97
"../../../../Spilldesign/Projects/Coffee_Chaos/Content/StarterContent/Props/SM_MatPreviewMesh_02.uasset" 98
"../../../Engine/Content/Functions/Engine_MaterialFunctions02/Utility/BlendAngleCorrectedNormals.uasset" 99
"../../../../Spilldesign/Projects/Coffee_Chaos/Content/StarterContent/Textures/T_Detail_Rocky_N.uasset" 100
"../../../../Spilldesign/Projects/Coffee_Chaos/Content/StarterContent/Textures/T_Rock_Basalt_D.uasset" 101
"../../../../Spilldesign/Projects/Coffee_Chaos/Content/StarterContent/Textures/T_RockMesh_M.uasset" 102
"../../../../Spilldesign/Projects/Coffee_Chaos/Content/StarterContent/Textures/T_RockMesh_N.uasset" 103
"../../../../Spilldesign/Projects/Coffee_Chaos/Content/StarterContent/Props/Materials/M_Rock.uasset" 104
"../../../../Spilldesign/Projects/Coffee_Chaos/Content/StarterContent/Props/SM_Rock.uasset" 105
"../../../../Spilldesign/Projects/Coffee_Chaos/Content/StarterContent/Textures/T_Shelf_M.uasset" 106
"../../../../Spilldesign/Projects/Coffee_Chaos/Content/StarterContent/Textures/T_Shelf_N.uasset" 107
"../../../../Spilldesign/Projects/Coffee_Chaos/Content/StarterContent/Props/Materials/M_Shelf.uasset" 108
"../../../../Spilldesign/Projects/Coffee_Chaos/Content/StarterContent/Props/SM_Shelf.uasset" 109
"../../../../Spilldesign/Projects/Coffee_Chaos/Content/StarterContent/Materials/M_Basic_Floor.uasset" 110
"../../../../Spilldesign/Projects/Coffee_Chaos/Content/StarterContent/Props/SM_Stairs.uasset" 111
"../../../../Spilldesign/Projects/Coffee_Chaos/Content/StarterContent/Shapes/Shape_Cone.uasset" 112
"../../../../Spilldesign/Projects/Coffee_Chaos/Content/StarterContent/Shapes/Shape_Cylinder.uasset" 113
"../../../../Spilldesign/Projects/Coffee_Chaos/Content/StarterContent/Shapes/Shape_NarrowCapsule.uasset" 114
"../../../../Spilldesign/Projects/Coffee_Chaos/Content/StarterContent/Shapes/Shape_Pipe.uasset" 115
"../../../../Spilldesign/Projects/Coffee_Chaos/Content/StarterContent/Shapes/Shape_Pipe_180.uasset" 116
"../../../../Spilldesign/Projects/Coffee_Chaos/Content/StarterContent/Shapes/Shape_Pipe_90.uasset" 117
"../../../../Spilldesign/Projects/Coffee_Chaos/Content/StarterContent/Shapes/Shape_Plane.uasset" 118
"../../../../Spilldesign/Projects/Coffee_Chaos/Content/StarterContent/Shapes/Shape_Torus.uasset" 119
"../../../../Spilldesign/Projects/Coffee_Chaos/Content/StarterContent/Shapes/Shape_Trim.uasset" 120
"../../../../Spilldesign/Projects/Coffee_Chaos/Content/StarterContent/Shapes/Shape_Trim_90_In.uasset" 121
"../../../../Spilldesign/Projects/Coffee_Chaos/Content/StarterContent/Shapes/Shape_Trim_90_Out.uasset" 122
"../../../../Spilldesign/Projects/Coffee_Chaos/Content/StarterContent/Shapes/Shape_TriPyramid.uasset" 123
"../../../../Spilldesign/Projects/Coffee_Chaos/Content/StarterContent/Shapes/Shape_Tube.uasset" 124
"../../../../Spilldesign/Projects/Coffee_Chaos/Content/StarterContent/Shapes/Shape_Wedge_A.uasset" 125
"../../../../Spilldesign/Projects/Coffee_Chaos/Content/StarterContent/Shapes/Shape_Wedge_B.uasset" 126
"../../../../Spilldesign/Projects/Coffee_Chaos/Content/StarterContent/Shapes/Shape_WideCapsule.uasset" 127
"../../../Engine/Content/Functions/Engine_MaterialFunctions01/Opacity/CameraDepthFade.uasset" 128
"../../../Engine/Content/EngineMaterials/T_Default_Material_Grid_M.uasset" 129
"../../../Engine/Content/EngineMaterials/T_Default_Material_Grid_N.uasset" 130
"../../../Engine/Content/EngineMaterials/WorldGridMaterial.uasset" 131
"../../../Engine/Content/ArtTools/RenderToTexture/Meshes/S_1_Unit_Plane.uasset" 132
"../../../Engine/Content/EngineMaterials/DefaultMaterial.uasset" 133
"../../../Engine/Content/BasicShapes/Cone.uasset" 134
"../../../Engine/Content/BasicShapes/Cube.uasset" 135
"../../../Engine/Content/BasicShapes/Cylinder.uasset" 136
"../../../Engine/Content/BasicShapes/Plane.uasset" 137
"../../../Engine/Content/BasicShapes/Sphere.uasset" 138
"../../../Engine/Content/EditorLandscapeResources/DataLayer.uasset" 139
"../../../Engine/Content/EditorMaterials/GizmoMaterial.uasset" 140
"../../../Engine/Content/EditorMaterials/MAT_Groups_Toggle.uasset" 141
"../../../Engine/Content/EditorMaterials/MAT_Groups_Visibility.uasset" 142
"../../../Engine/Content/EditorMaterials/PreviewShadowIndicator.uasset" 143
"../../../Engine/Content/EditorMaterials/PreviewShadowIndicatorMaterial.uasset" 144
"../../../Engine/Content/EditorMaterials/MatineeGroups/MAT_ColorTrack.uasset" 145
"../../../Engine/Content/EditorMaterials/MatineeGroups/MAT_Groups_Anim.uasset" 146
"../../../Engine/Content/EditorMaterials/MatineeGroups/MAT_Groups_AudioMaster.uasset" 147
"../../../Engine/Content/EditorMaterials/MatineeGroups/MAT_Groups_Director.uasset" 148
"../../../Engine/Content/EditorMaterials/MatineeGroups/MAT_Groups_Event.uasset" 149
"../../../Engine/Content/EditorMaterials/MatineeGroups/MAT_Groups_Fade.uasset" 150
"../../../Engine/Content/EditorMaterials/MatineeGroups/MAT_Groups_Float.uasset" 151
"../../../Engine/Content/EditorMaterials/MatineeGroups/MAT_Groups_Move.uasset" 152
"../../../Engine/Content/EditorMaterials/MatineeGroups/MAT_Groups_Slomo.uasset" 153
"../../../Engine/Content/EditorMaterials/MatineeGroups/MAT_Groups_Sound.uasset" 154
"../../../Engine/Content/EditorMaterials/MatineeGroups/MAT_Groups_Vector.uasset" 155
"../../../Engine/Content/EditorMaterials/ParticleSystems/PSysThumbnail_NoImage.uasset" 156
"../../../Engine/Content/EditorMaterials/ParticleSystems/PSysThumbnail_OOD.uasset" 157
"../../../Engine/Content/EditorMaterials/Camera/CineMat.uasset" 158
"../../../Engine/Content/EditorMaterials/Camera/MI_CineMat_Rig.uasset" 159
"../../../Engine/Content/EditorMeshes/Camera/SM_CraneRig_Arm.uasset" 160
"../../../Engine/Content/EditorMeshes/Camera/SM_CraneRig_Base.uasset" 161
"../../../Engine/Content/EditorMeshes/Camera/SM_CraneRig_Body.uasset" 162
"../../../Engine/Content/EditorMeshes/Camera/SM_CraneRig_Mount.uasset" 163
"../../../Engine/Content/EditorMeshes/Camera/SM_RailRig_Mount.uasset" 164
"../../../Engine/Content/EditorMeshes/Camera/SM_RailRig_Track.uasset" 165
"../../../Engine/Content/EditorResources/BSPVertex.uasset" 166
"../../../Engine/Content/EditorResources/EmptyActor.uasset" 167
"../../../Engine/Content/EditorResources/S_Actor.uasset" 168
"../../../Engine/Content/EditorResources/S_Trigger.uasset" 169
"../../../Engine/Content/EditorResources/AudioIcons/S_AudioComponent.uasset" 170
"../../../Engine/Content/EditorResources/AudioIcons/S_AudioComponent_AutoActivate.uasset" 171
"../../../Engine/Content/EditorResources/LightIcons/S_LightError.uasset" 172
"../../../Engine/Content/EditorResources/SequenceRecorder/Countdown.uasset" 173
"../../../Engine/Content/EditorResources/SequenceRecorder/RecordingIndicator.uasset" 174
"../../../Engine/Content/EditorSounds/Notifications/CompileFailed.uasset" 175
"../../../Engine/Content/EditorSounds/Notifications/CompileFailed_Cue.uasset" 176
"../../../Engine/Content/EditorSounds/Notifications/CompileSuccess.uasset" 177
"../../../Engine/Content/EditorSounds/Notifications/CompileStart_Cue.uasset" 178
"../../../Engine/Content/EditorSounds/Notifications/CompileSuccess_Cue.uasset" 179
"../../../Engine/Content/EngineDamageTypes/DmgTypeBP_Environmental.uasset" 180
"../../../Engine/Content/EngineDebugMaterials/HeatmapGradient.uasset" 181
"../../../Engine/Content/EngineDebugMaterials/BoneWeightMaterial.uasset" 182
"../../../Engine/Content/EngineDebugMaterials/ClothMaterial.uasset" 183
"../../../Engine/Content/EngineDebugMaterials/ClothMaterial_WF.uasset" 184
"../../../Engine/Content/EngineDebugMaterials/DebugEditorMaterial.uasset" 185
"../../../Engine/Content/EngineDebugMaterials/DebugMeshMaterial.uasset" 186
"../../../Engine/Content/EngineDebugMaterials/GeomMaterial.uasset" 187
"../../../Engine/Content/EngineDebugMaterials/M_SimpleTranslucent.uasset" 188
"../../../Engine/Content/EngineFonts/Faces/RobotoBold.uasset" 189
"../../../Engine/Content/EngineFonts/Faces/RobotoBoldItalic.uasset" 190
"../../../Engine/Content/EngineFonts/Faces/RobotoItalic.uasset" 191
"../../../Engine/Content/EngineFonts/Faces/RobotoLight.uasset" 192
"../../../Engine/Content/EngineFonts/Faces/RobotoRegular.uasset" 193
"../../../Engine/Content/EngineFonts/Roboto.uasset" 194
"../../../Engine/Content/EngineFonts/Faces/RobotoTiny.uasset" 195
"../../../Engine/Content/EngineFonts/RobotoTiny.uasset" 196
"../../../Engine/Content/EngineMaterials/BaseFlattenDiffuseMap.uasset" 197
"../../../Engine/Content/EngineMaterials/BaseFlattenEmissiveMap.uasset" 198
"../../../Engine/Content/EngineMaterials/BaseFlattenGrayscaleMap.uasset" 199
"../../../Engine/Content/EngineMaterials/BaseFlattenNormalMap.uasset" 200
"../../../Engine/Content/EngineMaterials/BaseFlattenMaterial.uasset" 201
"../../../Engine/Content/EngineMaterials/DefaultBloomKernel.uasset" 202
"../../../Engine/Content/EngineMaterials/DefaultBokeh.uasset" 203
"../../../Engine/Content/EngineMaterials/DefaultDiffuse.uasset" 204
"../../../Engine/Content/EngineMaterials/DefaultDeferredDecalMaterial.uasset" 205
"../../../Engine/Content/EngineMaterials/DefaultLightFunctionMaterial.uasset" 206
"../../../Engine/Content/EngineMaterials/DefaultPhysicalMaterial.uasset" 207
"../../../Engine/Content/Functions/Engine_MaterialFunctions02/Utility/BreakOutFloat2Components.uasset" 208
"../../../Engine/Content/EngineMaterials/DefaultPostProcessMaterial.uasset" 209
"../../../Engine/Content/EngineFonts/RobotoDistanceField.uasset" 210
"../../../Engine/Content/EngineMaterials/DefaultTextMaterialOpaque.uasset" 211
"../../../Engine/Content/EngineMaterials/DefaultWhiteGrid.uasset" 212
"../../../Engine/Content/EngineMaterials/EditorBrushMaterial.uasset" 213
"../../../Engine/Content/EngineMaterials/Good64x64TilingNoiseHighFreq.uasset" 214
"../../../Engine/Content/EngineMaterials/MiniFont.uasset" 215
"../../../Engine/Content/EngineMaterials/InvalidLightmapSettings.uasset" 216
"../../../Engine/Content/EngineMaterials/M_InvalidLightmapSettings.uasset" 217
"../../../Engine/Content/Functions/Engine_MaterialFunctions02/WorldPositionOffset/CameraOffset.uasset" 218
"../../../Engine/Content/EngineMaterials/PhAT_JointLimitMaterial.uasset" 219
"../../../Engine/Content/EngineMaterials/PreintegratedSkinBRDF.uasset" 220
"../../../Engine/Content/EngineMaterials/RemoveSurfaceMaterial.uasset" 221
"../../../Engine/Content/EngineMaterials/WeightMapPlaceholderTexture.uasset" 222
"../../../Engine/Content/EngineResources/WhiteSquareTexture.uasset" 223
"../../../Engine/Content/EngineMaterials/Widget3DPassThrough.uasset" 224
"../../../Engine/Content/EngineMaterials/Widget3DPassThrough_Masked.uasset" 225
"../../../Engine/Content/EngineMaterials/Widget3DPassThrough_Opaque.uasset" 226
"../../../Engine/Content/EngineMaterials/Widget3DPassThrough_Masked_OneSided.uasset" 227
"../../../Engine/Content/EngineMaterials/Widget3DPassThrough_Opaque_OneSided.uasset" 228
"../../../Engine/Content/EngineMaterials/Widget3DPassThrough_Translucent.uasset" 229
"../../../Engine/Content/EngineMaterials/Widget3DPassThrough_Translucent_OneSided.uasset" 230
"../../../Engine/Content/EngineMeshes/Cylinder.uasset" 231
"../../../Engine/Content/EngineMeshes/Sphere.uasset" 232
"../../../Engine/Content/EngineResources/Black.uasset" 233
"../../../Engine/Content/EngineResources/DefaultTexture.uasset" 234
"../../../Engine/Content/EngineResources/DefaultTextureCube.uasset" 235
"../../../Engine/Content/EngineResources/DefaultVolumeTexture2D.uasset" 236
"../../../Engine/Content/EngineResources/DefaultVolumeTexture.uasset" 237
"../../../Engine/Content/EngineResources/GradientTexture0.uasset" 238
"../../../Engine/Content/EngineSounds/Master.uasset" 239
"../../../Engine/Content/Functions/Engine_MaterialFunctions01/Shading/ConvertFromDiffSpec.uasset" 240
"../../../Engine/Content/Functions/Engine_MaterialFunctions01/Shading/PowerToRoughness.uasset" 241
"../../../Engine/Content/Maps/Templates/Thumbnails/Default.uasset" 242
"../../../Engine/Content/Maps/Templates/Thumbnails/VR-Basic.uasset" 243
"../../../Engine/Content/MobileResources/T_MobileControls_texture.uasset" 244
"../../../Engine/Content/MobileResources/T_MobileMenu2.uasset" 245
"../../../Engine/Content/MobileResources/HUD/AnalogHat.uasset" 246
"../../../Engine/Content/MobileResources/HUD/VirtualJoystick_Background.uasset" 247
"../../../Engine/Content/MobileResources/HUD/VirtualJoystick_Thumb.uasset" 248
"../../../Engine/Content/MobileResources/HUD/DefaultVirtualJoysticks.uasset" 249
"../../../Engine/Content/MobileResources/HUD/LeftVirtualJoystickOnly.uasset" 250
"../../../Engine/Content/MobileResources/HUD/MobileHUDButton1_off.uasset" 251
"../../../Engine/Content/MobileResources/HUD/MobileHUDButton1_on.uasset" 252
"../../../Engine/Content/MobileResources/HUD/MobileHUDButton2_off.uasset" 253
"../../../Engine/Content/MobileResources/HUD/MobileHUDButton2_on.uasset" 254
"../../../Engine/Content/MobileResources/HUD/MobileHUDButton3.uasset" 255
"../../../Engine/Content/MobileResources/HUD/MobileHUDButtonFire.uasset" 256
"../../../Engine/Content/MobileResources/HUD/MobileHUDDirectionPad.uasset" 257
"../../../Engine/Content/MobileResources/HUD/MobileHUDDirectionPad2.uasset" 258
"../../../Engine/Content/MobileResources/HUD/MobileHUDDirectionPad3.uasset" 259
"../../../Engine/Content/MobileResources/HUD/MobileHUDDirectionStick.uasset" 260
"../../../Engine/Content/MobileResources/HUD/T_Castle_ThumbstickInner.uasset" 261
"../../../Engine/Content/MobileResources/HUD/T_Castle_ThumbstickOutter.uasset" 262
"../../../Engine/Content/Tutorial/ContentIntroCurve.uasset" 263
"../../../Engine/Content/Tutorial/Basics/TutorialAssets/icon_tab_Levels_40x.uasset" 264
"../../../Engine/Content/Tutorial/BlueprintTutorials/TutorialAssets/Blueprint_64x.uasset" 265
"../../../Engine/Content/Tutorial/Landscape/TutorialAssets/Landscape.uasset" 266
"../../../Engine/Content/VREditor/LaserPointer/VR_LaserPower_01.uasset" 267
"../../../Engine/Content/VREditor/TransformGizmo/TransformGizmoMaterial.uasset" 268
"../../../Engine/Content/VREditor/TransformGizmo/TranslucentTransformGizmoMaterial.uasset" 269
"../../../Engine/Content/VREditor/TransformGizmo/BoundingBoxCorner.uasset" 270
"../../../Engine/Content/VREditor/TransformGizmo/BoundingBoxEdge.uasset" 271
"../../../Engine/Content/VREditor/TransformGizmo/PlaneTranslationHandle.uasset" 272
"../../../Engine/Content/VREditor/TransformGizmo/Main.uasset" 273
"../../../Engine/Content/VREditor/TransformGizmo/Xray.uasset" 274
"../../../Engine/Content/VREditor/TransformGizmo/SM_Sequencer_Key.uasset" 275
"../../../Engine/Content/VREditor/TransformGizmo/SM_Sequencer_Node.uasset" 276
"../../Plugins/2D/Paper2D/Content/PlaceholderTextures/DummySpriteTexture.uasset" 277
"../../Plugins/2D/Paper2D/Content/DummySprite.uasset" 278
"../../Plugins/2D/Paper2D/Content/DefaultPaperTerrainMaterial.uasset" 279
"../../Plugins/2D/Paper2D/Content/DefaultSpriteMaterial.uasset" 280
"../../Plugins/2D/Paper2D/Content/MaskedUnlitSpriteMaterial.uasset" 281
"../../Plugins/2D/Paper2D/Content/OpaqueUnlitSpriteMaterial.uasset" 282
"../../Plugins/Runtime/Oculus/OculusVR/Content/Materials/PokeAHoleMaterial.uasset" 283
"../../Plugins/Runtime/Oculus/OculusVR/Content/Textures/GearVRController_AO.uasset" 284
"../../Plugins/Runtime/Oculus/OculusVR/Content/Textures/GearVRController_Color.uasset" 285
"../../Plugins/Runtime/Oculus/OculusVR/Content/Textures/GearVRController_Normal.uasset" 286
"../../Plugins/Runtime/Oculus/OculusVR/Content/Materials/GearVRControllerMaterial.uasset" 287
"../../Plugins/Runtime/Oculus/OculusVR/Content/Meshes/GearVrController.uasset" 288
"../../Plugins/Runtime/Oculus/OculusVR/Content/Textures/touchController_albedo.uasset" 289
"../../Plugins/Runtime/Oculus/OculusVR/Content/Textures/touchController_controlmap.uasset" 290
"../../Plugins/Runtime/Oculus/OculusVR/Content/Materials/touchController_mat.uasset" 291
"../../Plugins/Runtime/Oculus/OculusVR/Content/Meshes/LeftTouchController.uasset" 292
"../../Plugins/Runtime/Oculus/OculusVR/Content/Meshes/RiftHMD.uasset" 293
"../../Plugins/Runtime/Oculus/OculusVR/Content/Meshes/RightTouchController.uasset" 294
"../../../../Spilldesign/Projects/Coffee_Chaos/Content/StarterContent/Blueprints/Assets/FogBrightnessLUT.uasset" 295
"../../../../Spilldesign/Projects/Coffee_Chaos/Content/StarterContent/Blueprints/Assets/SunlightColorLUT.uasset" 296
"../../../../Spilldesign/Projects/Coffee_Chaos/Content/StarterContent/Blueprints/Assets/M_LightStage_Arrows.uasset" 297
"../../../Engine/Content/MapTemplates/Sky/DaylightAmbientCubemap.uasset" 298
"../../../../Spilldesign/Projects/Coffee_Chaos/Content/StarterContent/Blueprints/Assets/M_LightStage_Skybox_Master.uasset" 299
"../../../../Spilldesign/Projects/Coffee_Chaos/Content/StarterContent/Blueprints/Assets/M_LightStage_Skybox_Black.uasset" 300
"../../../../Spilldesign/Projects/Coffee_Chaos/Content/StarterContent/Blueprints/Assets/M_LightStage_Skybox_HDRI.uasset" 301
"../../../Engine/Content/EditorMaterials/Thumbnails/SkySphereMaterial.uasset" 302
"../../../../Spilldesign/Projects/Coffee_Chaos/Content/StarterContent/Blueprints/Assets/Skybox.uasset" 303
"../../../../Spilldesign/Projects/Coffee_Chaos/Content/StarterContent/Blueprints/Assets/SM_Arrows.uasset" 304
"../../../../Spilldesign/Projects/Coffee_Chaos/Content/StarterContent/HDRI/HDRI_Epic_Courtyard_Daylight.uasset" 305
"../../../../Spilldesign/Projects/Coffee_Chaos/Content/StarterContent/Blueprints/BP_LightStudio.uasset" 306
"../../../../Spilldesign/Projects/Coffee_Chaos/Content/StarterContent/Maps/Advanced_Lighting_BuiltData.uasset" 307
"../../../../Spilldesign/Projects/Coffee_Chaos/Content/StarterContent/Materials/M_AssetPlatform.uasset" 308
"../../../Engine/Content/EditorMeshes/ColorCalibrator/M_ChromeBall.uasset" 309
"../../../Engine/Content/EditorMeshes/ColorCalibrator/M_ClearCoat.uasset" 310
"../../../Engine/Content/EditorMeshes/ColorCalibrator/M_ClearCoatBlack.uasset" 311
"../../../Engine/Content/EditorMeshes/ColorCalibrator/Color_checker.uasset" 312
"../../../Engine/Content/EditorMeshes/ColorCalibrator/M_ColorGrid.uasset" 313
"../../../Engine/Content/EditorMeshes/ColorCalibrator/M_GreyBall.uasset" 314
"../../../Engine/Content/EditorMeshes/ColorCalibrator/SM_ColorCalibrator.uasset" 315
"../../../../Spilldesign/Projects/Coffee_Chaos/Content/StarterContent/Architecture/SM_AssetPlatform.uasset" 316
"../../../../Spilldesign/Projects/Coffee_Chaos/Content/StarterContent/Maps/Advanced_Lighting.umap" 317
"../../../Engine/Content/EngineSky/C_Sky_Cloud_Color.uasset" 318
"../../../Engine/Content/EngineSky/C_Sky_Horizon_Color.uasset" 319
"../../../Engine/Content/EngineSky/C_Sky_Zenith_Color.uasset" 320
"../../../Engine/Content/EngineSky/T_Sky_Blue.uasset" 321
"../../../Engine/Content/EngineSky/T_Sky_Clouds_M.uasset" 322
"../../../Engine/Content/EngineSky/T_Sky_Stars.uasset" 323
"../../../Engine/Content/EngineSky/M_Sky_Panning_Clouds2.uasset" 324
"../../../Engine/Content/EngineSky/SM_SkySphere.uasset" 325
"../../../Engine/Content/EngineSky/BP_Sky_Sphere.uasset" 326
"../../../../Spilldesign/Projects/Coffee_Chaos/Content/StarterContent/Maps/Minimal_Default_BuiltData.uasset" 327
"../../../../Spilldesign/Projects/Coffee_Chaos/Content/StarterContent/Textures/T_Ground_Grass_D.uasset" 328
"../../../../Spilldesign/Projects/Coffee_Chaos/Content/StarterContent/Textures/T_Ground_Grass_N.uasset" 329
"../../../../Spilldesign/Projects/Coffee_Chaos/Content/StarterContent/Textures/T_MacroVariation.uasset" 330
"../../../../Spilldesign/Projects/Coffee_Chaos/Content/StarterContent/Textures/T_Perlin_Noise_M.uasset" 331
"../../../../Spilldesign/Projects/Coffee_Chaos/Content/StarterContent/Materials/M_Ground_Grass.uasset" 332
"../../../../Spilldesign/Projects/Coffee_Chaos/Content/CustomAssets/Source/M_CoffeDirt2.uasset" 333
"../../../../Spilldesign/Projects/Coffee_Chaos/Content/CustomAssets/Source/SM_Coffee_plant.uasset" 334
"../../../../Spilldesign/Projects/Coffee_Chaos/Content/StarterContent/Architecture/Floor_400x400.uasset" 335
"../../../../Spilldesign/Projects/Coffee_Chaos/Content/StarterContent/Architecture/Wall_400x200.uasset" 336
"../../../../Spilldesign/Projects/Coffee_Chaos/Content/StarterContent/Audio/Starter_Background_Cue.uasset" 337
"../../../../Spilldesign/Projects/Coffee_Chaos/Content/StarterContent/Maps/Minimal_Default.umap" 338
"../../../../Spilldesign/Projects/Coffee_Chaos/Content/StarterContent/Audio/Fire01_Cue.uasset" 339
"../../../../Spilldesign/Projects/Coffee_Chaos/Content/StarterContent/Textures/T_Fire_SubUV.uasset" 340
"../../../../Spilldesign/Projects/Coffee_Chaos/Content/StarterContent/Textures/T_Fire_Tiled_D.uasset" 341
"../../../../Spilldesign/Projects/Coffee_Chaos/Content/StarterContent/Particles/Materials/M_Fire_SubUV.uasset" 342
"../../../../Spilldesign/Projects/Coffee_Chaos/Content/StarterContent/Textures/T_Water_N.uasset" 343
"../../../../Spilldesign/Projects/Coffee_Chaos/Content/StarterContent/Particles/Materials/M_Heat_Distortion.uasset" 344
"../../../../Spilldesign/Projects/Coffee_Chaos/Content/StarterContent/Particles/Materials/M_Radial_Gradient.uasset" 345
"../../../../Spilldesign/Projects/Coffee_Chaos/Content/StarterContent/Particles/P_Fire.uasset" 346
"../../../../Spilldesign/Projects/Coffee_Chaos/Content/StarterContent/Blueprints/Blueprint_Effect_Fire.uasset" 347
"../../../../Spilldesign/Projects/Coffee_Chaos/Content/StarterContent/Audio/Smoke01_Cue.uasset" 348
"../../../../Spilldesign/Projects/Coffee_Chaos/Content/StarterContent/Particles/P_Smoke.uasset" 349
"../../../../Spilldesign/Projects/Coffee_Chaos/Content/StarterContent/Blueprints/Blueprint_Effect_Smoke.uasset" 350
"../../../../Spilldesign/Projects/Coffee_Chaos/Content/StarterContent/Audio/Fire_Sparks01_Cue.uasset" 351
"../../../../Spilldesign/Projects/Coffee_Chaos/Content/StarterContent/Textures/T_Spark_Core.uasset" 352
"../../../../Spilldesign/Projects/Coffee_Chaos/Content/StarterContent/Particles/Materials/M_Spark.uasset" 353
"../../../../Spilldesign/Projects/Coffee_Chaos/Content/StarterContent/Particles/P_Sparks.uasset" 354
"../../../../Spilldesign/Projects/Coffee_Chaos/Content/StarterContent/Blueprints/Blueprint_Effect_Sparks.uasset" 355
"../../../../Spilldesign/Projects/Coffee_Chaos/Content/StarterContent/Audio/Steam01_Cue.uasset" 356
"../../../../Spilldesign/Projects/Coffee_Chaos/Content/StarterContent/Particles/P_Steam_Lit.uasset" 357
"../../../../Spilldesign/Projects/Coffee_Chaos/Content/StarterContent/Blueprints/Blueprint_Effect_Steam.uasset" 358
"../../../../Spilldesign/Projects/Coffee_Chaos/Content/StarterContent/Textures/T_Lamp_M.uasset" 359
"../../../../Spilldesign/Projects/Coffee_Chaos/Content/StarterContent/Textures/T_Lamp_N.uasset" 360
"../../../../Spilldesign/Projects/Coffee_Chaos/Content/StarterContent/Props/Materials/M_Lamp.uasset" 361
"../../../../Spilldesign/Projects/Coffee_Chaos/Content/StarterContent/Props/SM_Lamp_Ceiling.uasset" 362
"../../../../Spilldesign/Projects/Coffee_Chaos/Content/StarterContent/Blueprints/Blueprint_CeilingLight.uasset" 363
"../../../../Spilldesign/Projects/Coffee_Chaos/Content/StarterContent/Props/SM_Lamp_Wall.uasset" 364
"../../../../Spilldesign/Projects/Coffee_Chaos/Content/StarterContent/Blueprints/Blueprint_WallSconce.uasset" 365
"../../../../Spilldesign/Projects/Coffee_Chaos/Content/StarterContent/Maps/StarterMap_BuiltData.uasset" 366
"../../../Engine/Content/Functions/Engine_MaterialFunctions03/Procedurals/ComputeFilterWidth.uasset" 367
"../../../Engine/Content/EngineMaterials/AntiAliasedTextMaterialTranslucent.uasset" 368
"../../../../Spilldesign/Projects/Coffee_Chaos/Content/StarterContent/Textures/T_Brick_Clay_Beveled_D.uasset" 369
"../../../../Spilldesign/Projects/Coffee_Chaos/Content/StarterContent/Textures/T_Brick_Clay_Beveled_M.uasset" 370
"../../../../Spilldesign/Projects/Coffee_Chaos/Content/StarterContent/Textures/T_Brick_Clay_Beveled_N.uasset" 371
"../../../../Spilldesign/Projects/Coffee_Chaos/Content/StarterContent/Materials/M_Brick_Clay_Beveled.uasset" 372
"../../../../Spilldesign/Projects/Coffee_Chaos/Content/StarterContent/Textures/T_Brick_Clay_New_D.uasset" 373
"../../../../Spilldesign/Projects/Coffee_Chaos/Content/StarterContent/Textures/T_Brick_Clay_New_M.uasset" 374
"../../../../Spilldesign/Projects/Coffee_Chaos/Content/StarterContent/Textures/T_Brick_Clay_New_N.uasset" 375
"../../../../Spilldesign/Projects/Coffee_Chaos/Content/StarterContent/Materials/M_Brick_Clay_New.uasset" 376
"../../../../Spilldesign/Projects/Coffee_Chaos/Content/StarterContent/Textures/T_Brick_Clay_Old_D.uasset" 377
"../../../../Spilldesign/Projects/Coffee_Chaos/Content/StarterContent/Textures/T_Brick_Clay_Old_N.uasset" 378
"../../../../Spilldesign/Projects/Coffee_Chaos/Content/StarterContent/Materials/M_Brick_Clay_Old.uasset" 379
"../../../../Spilldesign/Projects/Coffee_Chaos/Content/StarterContent/Textures/T_Brick_Cut_Stone_D.uasset" 380
"../../../../Spilldesign/Projects/Coffee_Chaos/Content/StarterContent/Textures/T_Brick_Cut_Stone_N.uasset" 381
"../../../../Spilldesign/Projects/Coffee_Chaos/Content/StarterContent/Materials/M_Brick_Cut_Stone.uasset" 382
"../../../../Spilldesign/Projects/Coffee_Chaos/Content/StarterContent/Textures/T_Brick_Hewn_Stone_D.uasset" 383
"../../../../Spilldesign/Projects/Coffee_Chaos/Content/StarterContent/Textures/T_Brick_Hewn_Stone_M.uasset" 384
"../../../../Spilldesign/Projects/Coffee_Chaos/Content/StarterContent/Textures/T_Brick_Hewn_Stone_N.uasset" 385
"../../../../Spilldesign/Projects/Coffee_Chaos/Content/StarterContent/Materials/M_Brick_Hewn_Stone.uasset" 386
"../../../../Spilldesign/Projects/Coffee_Chaos/Content/StarterContent/Textures/T_Ceramic_Tile_M.uasset" 387
"../../../../Spilldesign/Projects/Coffee_Chaos/Content/StarterContent/Textures/T_Ceramic_Tile_N.uasset" 388
"../../../../Spilldesign/Projects/Coffee_Chaos/Content/StarterContent/Textures/T_Rock_Marble_Polished_D.uasset" 389
"../../../../Spilldesign/Projects/Coffee_Chaos/Content/StarterContent/Materials/M_Ceramic_Tile_Checker.uasset" 390
"../../../../Spilldesign/Projects/Coffee_Chaos/Content/StarterContent/Textures/T_CobbleStone_Pebble_D.uasset" 391
"../../../../Spilldesign/Projects/Coffee_Chaos/Content/StarterContent/Textures/T_CobbleStone_Pebble_M.uasset" 392
"../../../../Spilldesign/Projects/Coffee_Chaos/Content/StarterContent/Textures/T_CobbleStone_Pebble_N.uasset" 393
"../../../../Spilldesign/Projects/Coffee_Chaos/Content/StarterContent/Materials/M_CobbleStone_Pebble.uasset" 394
"../../../../Spilldesign/Projects/Coffee_Chaos/Content/StarterContent/Textures/T_CobbleStone_Rough_D.uasset" 395
"../../../../Spilldesign/Projects/Coffee_Chaos/Content/StarterContent/Textures/T_CobbleStone_Rough_N.uasset" 396
"../../../../Spilldesign/Projects/Coffee_Chaos/Content/StarterContent/Textures/T_Gradinet_01.uasset" 397
"../../../../Spilldesign/Projects/Coffee_Chaos/Content/StarterContent/Textures/T_Rock_Smooth_Granite_D.uasset" 398
"../../../../Spilldesign/Projects/Coffee_Chaos/Content/StarterContent/Materials/M_CobbleStone_Rough.uasset" 399
"../../../../Spilldesign/Projects/Coffee_Chaos/Content/StarterContent/Textures/T_CobbleStone_Smooth_D.uasset" 400
"../../../../Spilldesign/Projects/Coffee_Chaos/Content/StarterContent/Textures/T_CobbleStone_Smooth_M.uasset" 401
"../../../../Spilldesign/Projects/Coffee_Chaos/Content/StarterContent/Textures/T_CobbleStone_Smooth_N.uasset" 402
"../../../../Spilldesign/Projects/Coffee_Chaos/Content/StarterContent/Materials/M_CobbleStone_Smooth.uasset" 403
"../../../../Spilldesign/Projects/Coffee_Chaos/Content/StarterContent/Textures/T_Concrete_Grime_D.uasset" 404
"../../../../Spilldesign/Projects/Coffee_Chaos/Content/StarterContent/Textures/T_Metal_Rust_N.uasset" 405
"../../../../Spilldesign/Projects/Coffee_Chaos/Content/StarterContent/Materials/M_Concrete_Grime.uasset" 406
"../../../../Spilldesign/Projects/Coffee_Chaos/Content/StarterContent/Textures/T_Concrete_Panels_D.uasset" 407
"../../../../Spilldesign/Projects/Coffee_Chaos/Content/StarterContent/Textures/T_Concrete_Panels_N.uasset" 408
"../../../../Spilldesign/Projects/Coffee_Chaos/Content/StarterContent/Materials/M_Concrete_Panels.uasset" 409
"../../../../Spilldesign/Projects/Coffee_Chaos/Content/StarterContent/Textures/T_Concrete_Poured_D.uasset" 410
"../../../../Spilldesign/Projects/Coffee_Chaos/Content/StarterContent/Textures/T_Concrete_Poured_N.uasset" 411
"../../../../Spilldesign/Projects/Coffee_Chaos/Content/StarterContent/Materials/M_Concrete_Poured.uasset" 412
"../../../../Spilldesign/Projects/Coffee_Chaos/Content/StarterContent/Textures/T_Concrete_Tiles_D.uasset" 413
"../../../../Spilldesign/Projects/Coffee_Chaos/Content/StarterContent/Textures/T_Concrete_Tiles_M.uasset" 414
"../../../../Spilldesign/Projects/Coffee_Chaos/Content/StarterContent/Textures/T_Concrete_Tiles_N.uasset" 415
"../../../../Spilldesign/Projects/Coffee_Chaos/Content/StarterContent/Textures/T_Concrete_Tiles_Variation_M.uasset" 416
"../../../../Spilldesign/Projects/Coffee_Chaos/Content/StarterContent/Materials/M_Concrete_Tiles.uasset" 417
"../../../../Spilldesign/Projects/Coffee_Chaos/Content/StarterContent/Textures/T_Ground_Gravel_D.uasset" 418
"../../../../Spilldesign/Projects/Coffee_Chaos/Content/StarterContent/Textures/T_Ground_Gravel_N.uasset" 419
"../../../../Spilldesign/Projects/Coffee_Chaos/Content/StarterContent/Materials/M_Ground_Gravel.uasset" 420
"../../../../Spilldesign/Projects/Coffee_Chaos/Content/StarterContent/Textures/T_ground_Moss_D.uasset" 421
"../../../../Spilldesign/Projects/Coffee_Chaos/Content/StarterContent/Textures/T_Ground_Moss_N.uasset" 422
"../../../../Spilldesign/Projects/Coffee_Chaos/Content/StarterContent/Materials/M_Ground_Moss.uasset" 423
"../../../../Spilldesign/Projects/Coffee_Chaos/Content/StarterContent/Materials/M_Metal_Brushed_Nickel.uasset" 424
"../../../../Spilldesign/Projects/Coffee_Chaos/Content/StarterContent/Textures/T_Metal_Aluminum_D.uasset" 425
"../../../../Spilldesign/Projects/Coffee_Chaos/Content/StarterContent/Textures/T_Metal_Gold_N.uasset" 426
"../../../../Spilldesign/Projects/Coffee_Chaos/Content/StarterContent/Materials/M_Metal_Burnished_Steel.uasset" 427
"../../../../Spilldesign/Projects/Coffee_Chaos/Content/StarterContent/Materials/M_Metal_Chrome.uasset" 428
"../../../../Spilldesign/Projects/Coffee_Chaos/Content/StarterContent/Textures/T_Metal_Copper_D.uasset" 429
"../../../../Spilldesign/Projects/Coffee_Chaos/Content/StarterContent/Materials/M_Metal_Copper.uasset" 430
"../../../../Spilldesign/Projects/Coffee_Chaos/Content/StarterContent/Textures/T_Metal_Gold_D.uasset" 431
"../../../../Spilldesign/Projects/Coffee_Chaos/Content/StarterContent/Materials/M_Metal_Gold.uasset" 432
"../../../../Spilldesign/Projects/Coffee_Chaos/Content/StarterContent/Textures/T_Metal_Rust_D.uasset" 433
"../../../../Spilldesign/Projects/Coffee_Chaos/Content/StarterContent/Materials/M_Metal_Rust.uasset" 434
"../../../../Spilldesign/Projects/Coffee_Chaos/Content/StarterContent/Textures/T_Metal_Steel_D.uasset" 435
"../../../../Spilldesign/Projects/Coffee_Chaos/Content/StarterContent/Textures/T_Metal_Steel_N.uasset" 436
"../../../../Spilldesign/Projects/Coffee_Chaos/Content/StarterContent/Materials/M_Metal_Steel.uasset" 437
"../../../../Spilldesign/Projects/Coffee_Chaos/Content/StarterContent/Textures/T_Rock_Basalt_N.uasset" 438
"../../../../Spilldesign/Projects/Coffee_Chaos/Content/StarterContent/Materials/M_Rock_Basalt.uasset" 439
"../../../../Spilldesign/Projects/Coffee_Chaos/Content/StarterContent/Materials/M_Rock_Marble_Polished.uasset" 440
"../../../../Spilldesign/Projects/Coffee_Chaos/Content/StarterContent/Textures/T_Rock_Sandstone_D.uasset" 441
"../../../../Spilldesign/Projects/Coffee_Chaos/Content/StarterContent/Textures/T_Rock_Sandstone_N.uasset" 442
"../../../../Spilldesign/Projects/Coffee_Chaos/Content/StarterContent/Materials/M_Rock_Sandstone.uasset" 443
"../../../../Spilldesign/Projects/Coffee_Chaos/Content/StarterContent/Textures/T_Rock_Slate_D.uasset" 444
"../../../../Spilldesign/Projects/Coffee_Chaos/Content/StarterContent/Textures/T_Rock_Slate_N.uasset" 445
"../../../../Spilldesign/Projects/Coffee_Chaos/Content/StarterContent/Materials/M_Rock_Slate.uasset" 446
"../../../../Spilldesign/Projects/Coffee_Chaos/Content/StarterContent/Textures/T_Checker_Noise_M.uasset" 447
"../../../../Spilldesign/Projects/Coffee_Chaos/Content/StarterContent/Textures/T_Single_Tile_N.uasset" 448
"../../../../Spilldesign/Projects/Coffee_Chaos/Content/StarterContent/Textures/T_Tech_Dot_M.uasset" 449
"../../../../Spilldesign/Projects/Coffee_Chaos/Content/StarterContent/Textures/T_Tech_Dot_N.uasset" 450
"../../../../Spilldesign/Projects/Coffee_Chaos/Content/StarterContent/Materials/M_Tech_Checker_Dot.uasset" 451
"../../../../Spilldesign/Projects/Coffee_Chaos/Content/StarterContent/Textures/T_Tech_Hex_Tile_M.uasset" 452
"../../../../Spilldesign/Projects/Coffee_Chaos/Content/StarterContent/Textures/T_Tech_Hex_Tile_N.uasset" 453
"../../../../Spilldesign/Projects/Coffee_Chaos/Content/StarterContent/Materials/M_Tech_Hex_Tile.uasset" 454
"../../../../Spilldesign/Projects/Coffee_Chaos/Content/StarterContent/Materials/M_Tech_Hex_Tile_Pulse.uasset" 455
"../../../../Spilldesign/Projects/Coffee_Chaos/Content/StarterContent/Textures/T_Tech_Panel_M.uasset" 456
"../../../../Spilldesign/Projects/Coffee_Chaos/Content/StarterContent/Textures/T_Tech_Panel_N.uasset" 457
"../../../../Spilldesign/Projects/Coffee_Chaos/Content/StarterContent/Materials/M_Tech_Panel.uasset" 458
"../../../../Spilldesign/Projects/Coffee_Chaos/Content/StarterContent/Materials/M_Water_Lake.uasset" 459
"../../../../Spilldesign/Projects/Coffee_Chaos/Content/StarterContent/Textures/T_Water_M.uasset" 460
"../../../../Spilldesign/Projects/Coffee_Chaos/Content/StarterContent/Materials/M_Water_Ocean.uasset" 461
"../../../../Spilldesign/Projects/Coffee_Chaos/Content/StarterContent/Textures/T_Wood_Floor_Walnut_D.uasset" 462
"../../../../Spilldesign/Projects/Coffee_Chaos/Content/StarterContent/Textures/T_Wood_Floor_Walnut_M.uasset" 463
"../../../../Spilldesign/Projects/Coffee_Chaos/Content/StarterContent/Textures/T_Wood_Floor_Walnut_N.uasset" 464
"../../../../Spilldesign/Projects/Coffee_Chaos/Content/StarterContent/Materials/M_Wood_Floor_Walnut_Polished.uasset" 465
"../../../Engine/Content/Functions/Engine_MaterialFunctions01/Opacity/AlphaOffset.uasset" 466
"../../../../Spilldesign/Projects/Coffee_Chaos/Content/StarterContent/Materials/M_Wood_Floor_Walnut_Worn.uasset" 467
"../../../../Spilldesign/Projects/Coffee_Chaos/Content/StarterContent/Textures/T_Wood_Oak_D.uasset" 468
"../../../../Spilldesign/Projects/Coffee_Chaos/Content/StarterContent/Textures/T_Wood_Oak_N.uasset" 469
"../../../../Spilldesign/Projects/Coffee_Chaos/Content/StarterContent/Materials/M_Wood_Oak.uasset" 470
"../../../../Spilldesign/Projects/Coffee_Chaos/Content/StarterContent/Textures/T_Wood_Pine_D.uasset" 471
"../../../../Spilldesign/Projects/Coffee_Chaos/Content/StarterContent/Textures/T_Wood_Pine_N.uasset" 472
"../../../../Spilldesign/Projects/Coffee_Chaos/Content/StarterContent/Materials/M_Wood_Pine.uasset" 473
"../../../../Spilldesign/Projects/Coffee_Chaos/Content/StarterContent/Textures/T_Wood_Walnut_D.uasset" 474
"../../../../Spilldesign/Projects/Coffee_Chaos/Content/StarterContent/Textures/T_Wood_Walnut_N.uasset" 475
"../../../../Spilldesign/Projects/Coffee_Chaos/Content/StarterContent/Materials/M_Wood_Walnut.uasset" 476
"../../../../Spilldesign/Projects/Coffee_Chaos/Content/StarterContent/Architecture/Wall_Door_400x300.uasset" 477
"../../../../Spilldesign/Projects/Coffee_Chaos/Content/StarterContent/Architecture/Wall_Window_400x300.uasset" 478
"../../../../Spilldesign/Projects/Coffee_Chaos/Content/StarterContent/Audio/Collapse_Cue.uasset" 479
"../../../../Spilldesign/Projects/Coffee_Chaos/Content/StarterContent/Audio/Starter_Music_Cue.uasset" 480
"../../../../Spilldesign/Projects/Coffee_Chaos/Content/StarterContent/Textures/T_Dust_Particle_D.uasset" 481
"../../../../Spilldesign/Projects/Coffee_Chaos/Content/StarterContent/Particles/Materials/M_Dust_Particle.uasset" 482
"../../../../Spilldesign/Projects/Coffee_Chaos/Content/StarterContent/Particles/P_Ambient_Dust.uasset" 483
"../../../../Spilldesign/Projects/Coffee_Chaos/Content/StarterContent/Props/MaterialSphere.uasset" 484
"../../../../Spilldesign/Projects/Coffee_Chaos/Content/StarterContent/Props/SM_Chair.uasset" 485
"../../../../Spilldesign/Projects/Coffee_Chaos/Content/StarterContent/Textures/T_Frame_M.uasset" 486
"../../../../Spilldesign/Projects/Coffee_Chaos/Content/StarterContent/Textures/T_Frame_N.uasset" 487
"../../../../Spilldesign/Projects/Coffee_Chaos/Content/StarterContent/Props/Materials/M_Frame.uasset" 488
"../../../../Spilldesign/Projects/Coffee_Chaos/Content/StarterContent/Props/SM_CornerFrame.uasset" 489
"../../../../Spilldesign/Projects/Coffee_Chaos/Content/StarterContent/Props/SM_DoorFrame.uasset" 490
"../../../../Spilldesign/Projects/Coffee_Chaos/Content/StarterContent/Props/SM_GlassWindow.uasset" 491
"../../../../Spilldesign/Projects/Coffee_Chaos/Content/StarterContent/Props/SM_PillarFrame.uasset" 492
"../../../../Spilldesign/Projects/Coffee_Chaos/Content/StarterContent/Props/SM_PillarFrame300.uasset" 493
"../../../../Spilldesign/Projects/Coffee_Chaos/Content/StarterContent/Textures/T_Statue_M.uasset" 494
"../../../../Spilldesign/Projects/Coffee_Chaos/Content/StarterContent/Textures/T_Statue_N.uasset" 495
"../../../../Spilldesign/Projects/Coffee_Chaos/Content/StarterContent/Props/Materials/M_Statue.uasset" 496
"../../../../Spilldesign/Projects/Coffee_Chaos/Content/StarterContent/Props/Materials/M_StatueGlass.uasset" 497
"../../../../Spilldesign/Projects/Coffee_Chaos/Content/StarterContent/Props/SM_Statue.uasset" 498
"../../../../Spilldesign/Projects/Coffee_Chaos/Content/StarterContent/Textures/T_TableRound_M.uasset" 499
"../../../../Spilldesign/Projects/Coffee_Chaos/Content/StarterContent/Textures/T_TableRound_N.uasset" 500
"../../../../Spilldesign/Projects/Coffee_Chaos/Content/StarterContent/Props/Materials/M_TableRound.uasset" 501
"../../../../Spilldesign/Projects/Coffee_Chaos/Content/StarterContent/Props/SM_TableRound.uasset" 502
"../../../../Spilldesign/Projects/Coffee_Chaos/Content/StarterContent/Props/SM_WindowFrame.uasset" 503
"../../../../Spilldesign/Projects/Coffee_Chaos/Content/StarterContent/Shapes/Shape_Cube.uasset" 504
"../../../../Spilldesign/Projects/Coffee_Chaos/Content/StarterContent/Shapes/Shape_QuadPyramid.uasset" 505
"../../../../Spilldesign/Projects/Coffee_Chaos/Content/StarterContent/Maps/StarterMap.umap" 506
"../../../Engine/Content/Maps/Entry_BuiltData.uasset" 507
"../../../Engine/Content/Maps/Entry.umap" 508
